Watching for file changes with StatReloader
"GET / HTTP/1.1" 200 274
"GET /admin/ HTTP/1.1" 302 0
"GET /admin/login/?next=/admin/ HTTP/1.1" 200 4158
"GET /static/admin/css/nav_sidebar.css HTTP/1.1" 200 2810
"GET /static/admin/css/base.css HTTP/1.1" 200 21544
"GET /static/admin/css/login.css HTTP/1.1" 200 958
"GET /static/admin/js/nav_sidebar.js HTTP/1.1" 200 3063
"GET /static/admin/js/theme.js HTTP/1.1" 200 1943
"GET /static/admin/css/dark_mode.css HTTP/1.1" 200 2682
"GET /static/admin/css/responsive.css HTTP/1.1" 200 17905
"GET /about HTTP/1.1" 200 368
"GET /about HTTP/1.1" 200 368
"GET /admin/ HTTP/1.1" 302 0
"GET /admin/login/?next=/admin/ HTTP/1.1" 200 4158
"GET / HTTP/1.1" 200 274
"GET /my_games HTTP/1.1" 200 107
"GET /my_games HTTP/1.1" 200 107
Not Found: /my_games/coin
"GET /my_games/coin HTTP/1.1" 404 3562
/Users/mac/Desktop/Django/my_project/my_project/urls.py changed, reloading.
Watching for file changes with StatReloader
Not Found: /my_games/coin
"GET /my_games/coin HTTP/1.1" 404 3565
Not Found: /my_games/coin
"GET /my_games/coin HTTP/1.1" 404 3565
Not Found: /my_games/coin
"GET /my_games/coin HTTP/1.1" 404 3565
Not Found: /my_games/coin
"GET /my_games/coin HTTP/1.1" 404 3565
Not Found: /my_games/coin
"GET /my_games/coin HTTP/1.1" 404 3565
Not Found: /my_games/coin
"GET /my_games/coin HTTP/1.1" 404 3565
Not Found: /my_games/coin
"GET /my_games/coin HTTP/1.1" 404 3565
Not Found: /my_games/coin
"GET /my_games/coin HTTP/1.1" 404 3565
Not Found: /my_games/coin
"GET /my_games/coin HTTP/1.1" 404 3565
Not Found: /my_games/coin
"GET /my_games/coin HTTP/1.1" 404 3565
Not Found: /my_games/coin
"GET /my_games/coin HTTP/1.1" 404 3565
/Users/mac/Desktop/Django/my_project/my_project/urls.py changed, reloading.
Watching for file changes with StatReloader
/Users/mac/Desktop/Django/my_project/games/urls.py changed, reloading.
Watching for file changes with StatReloader
/Users/mac/Desktop/Django/my_project/games/urls.py changed, reloading.
Watching for file changes with StatReloader
Not Found: /my_games/coin
"GET /my_games/coin HTTP/1.1" 404 3563
/Users/mac/Desktop/Django/my_project/games/urls.py changed, reloading.
Watching for file changes with StatReloader
Not Found: /my_games/coin
"GET /my_games/coin HTTP/1.1" 404 3570
Not Found: /my_games
"GET /my_games HTTP/1.1" 404 3555
/Users/mac/Desktop/Django/my_project/games/urls.py changed, reloading.
Watching for file changes with StatReloader
"GET /my_games HTTP/1.1" 200 107
"GET /my_games/random HTTP/1.1" 200 126
"GET /my_games/coin HTTP/1.1" 200 118
Watching for file changes with StatReloader
"GET / HTTP/1.1" 200 274
"GET / HTTP/1.1" 200 274
"GET /admin/ HTTP/1.1" 302 0
"GET /admin/login/?next=/admin/ HTTP/1.1" 200 4158
"GET /static/admin/css/dark_mode.css HTTP/1.1" 304 0
"GET /static/admin/css/responsive.css HTTP/1.1" 304 0
"GET /static/admin/css/base.css HTTP/1.1" 304 0
"GET /static/admin/js/theme.js HTTP/1.1" 304 0
"GET /static/admin/css/nav_sidebar.css HTTP/1.1" 304 0
"GET /static/admin/css/login.css HTTP/1.1" 304 0
"GET /static/admin/js/nav_sidebar.js HTTP/1.1" 304 0
"GET /about HTTP/1.1" 200 368
"GET /admin/ HTTP/1.1" 302 0
"GET /admin/login/?next=/admin/ HTTP/1.1" 200 4158
"GET / HTTP/1.1" 200 274
"GET /my_games/coin HTTP/1.1" 200 118
"GET /my_games/coin HTTP/1.1" 200 116
"GET /my_games HTTP/1.1" 301 0
"GET /my_games/ HTTP/1.1" 200 107
"GET /my_games/dice HTTP/1.1" 200 155
"GET /my_games/dice HTTP/1.1" 200 155
"GET /my_games/ HTTP/1.1" 200 107
"GET /my_games/random HTTP/1.1" 200 126
